c:\users\homer\source\repos\h0ffy\cr1m3\cr1m3\cr1m3\debug\vc142.pdb
c:\users\homer\source\repos\h0ffy\cr1m3\cr1m3\cr1m3\debug\vc142.idb
c:\users\homer\source\repos\h0ffy\cr1m3\cr1m3\cr1m3\debug\task_reply.obj
c:\users\homer\source\repos\h0ffy\cr1m3\cr1m3\cr1m3\debug\syscall.obj
c:\users\homer\source\repos\h0ffy\cr1m3\cr1m3\cr1m3\debug\shell.obj
c:\users\homer\source\repos\h0ffy\cr1m3\cr1m3\cr1m3\debug\security.obj
c:\users\homer\source\repos\h0ffy\cr1m3\cr1m3\cr1m3\debug\rthreads.obj
c:\users\homer\source\repos\h0ffy\cr1m3\cr1m3\cr1m3\debug\process.obj
c:\users\homer\source\repos\h0ffy\cr1m3\cr1m3\cr1m3\debug\persistence.obj
c:\users\homer\source\repos\h0ffy\cr1m3\cr1m3\cr1m3\debug\pe.obj
c:\users\homer\source\repos\h0ffy\cr1m3\cr1m3\cr1m3\debug\misc.obj
c:\users\homer\source\repos\h0ffy\cr1m3\cr1m3\cr1m3\debug\md5.obj
c:\users\homer\source\repos\h0ffy\cr1m3\cr1m3\cr1m3\debug\main.obj
c:\users\homer\source\repos\h0ffy\cr1m3\cr1m3\cr1m3\debug\keylogger.obj
c:\users\homer\source\repos\h0ffy\cr1m3\cr1m3\cr1m3\debug\inject.obj
c:\users\homer\source\repos\h0ffy\cr1m3\cr1m3\cr1m3\debug\info.obj
c:\users\homer\source\repos\h0ffy\cr1m3\cr1m3\cr1m3\debug\http.obj
c:\users\homer\source\repos\h0ffy\cr1m3\cr1m3\cr1m3\debug\escalation.obj
c:\users\homer\source\repos\h0ffy\cr1m3\cr1m3\cr1m3\debug\crypto.obj
c:\users\homer\source\repos\h0ffy\cr1m3\cr1m3\cr1m3\debug\command.obj
c:\users\homer\source\repos\h0ffy\cr1m3\cr1m3\cr1m3\debug\cc_monitor.obj
c:\users\homer\source\repos\h0ffy\cr1m3\cr1m3\cr1m3\debug\base64.obj
c:\users\homer\source\repos\h0ffy\cr1m3\cr1m3\debug\cr1m3.pdb
c:\users\homer\source\repos\h0ffy\cr1m3\cr1m3\cr1m3\debug\cr1m3.tlog\cl.command.1.tlog
c:\users\homer\source\repos\h0ffy\cr1m3\cr1m3\cr1m3\debug\cr1m3.tlog\cl.read.1.tlog
c:\users\homer\source\repos\h0ffy\cr1m3\cr1m3\cr1m3\debug\cr1m3.tlog\cl.write.1.tlog
c:\users\homer\source\repos\h0ffy\cr1m3\cr1m3\cr1m3\debug\cr1m3.tlog\link.10104-cvtres.read.1.tlog
c:\users\homer\source\repos\h0ffy\cr1m3\cr1m3\cr1m3\debug\cr1m3.tlog\link.10104-cvtres.write.1.tlog
c:\users\homer\source\repos\h0ffy\cr1m3\cr1m3\cr1m3\debug\cr1m3.tlog\link.10104-rc.read.1.tlog
c:\users\homer\source\repos\h0ffy\cr1m3\cr1m3\cr1m3\debug\cr1m3.tlog\link.10104-rc.write.1.tlog
c:\users\homer\source\repos\h0ffy\cr1m3\cr1m3\cr1m3\debug\cr1m3.tlog\link.10104.read.1.tlog
c:\users\homer\source\repos\h0ffy\cr1m3\cr1m3\cr1m3\debug\cr1m3.tlog\link.10104.write.1.tlog
c:\users\homer\source\repos\h0ffy\cr1m3\cr1m3\cr1m3\debug\cr1m3.tlog\link.6104-cvtres.read.1.tlog
c:\users\homer\source\repos\h0ffy\cr1m3\cr1m3\cr1m3\debug\cr1m3.tlog\link.6104-cvtres.write.1.tlog
c:\users\homer\source\repos\h0ffy\cr1m3\cr1m3\cr1m3\debug\cr1m3.tlog\link.6104-rc.read.1.tlog
c:\users\homer\source\repos\h0ffy\cr1m3\cr1m3\cr1m3\debug\cr1m3.tlog\link.6104-rc.write.1.tlog
c:\users\homer\source\repos\h0ffy\cr1m3\cr1m3\cr1m3\debug\cr1m3.tlog\link.6104.read.1.tlog
c:\users\homer\source\repos\h0ffy\cr1m3\cr1m3\cr1m3\debug\cr1m3.tlog\link.6104.write.1.tlog
c:\users\homer\source\repos\h0ffy\cr1m3\cr1m3\cr1m3\debug\cr1m3.tlog\link.command.1.tlog
c:\users\homer\source\repos\h0ffy\cr1m3\cr1m3\cr1m3\debug\cr1m3.tlog\link.read.1.tlog
c:\users\homer\source\repos\h0ffy\cr1m3\cr1m3\cr1m3\debug\cr1m3.tlog\link.write.1.tlog
